[0m14:29:46.508114 [debug] [MainThread]: Sending event: {'category': 'dbt', 'action': 'invocation', 'label': 'start', 'context': [<snowplow_tracker.self_describing_json.SelfDescribingJson object at 0x112046c10>, <snowplow_tracker.self_describing_json.SelfDescribingJson object at 0x11204bb50>, <snowplow_tracker.self_describing_json.SelfDescribingJson object at 0x112050f10>]}


============================== 14:29:46.534401 | 0b3d4112-b78d-47c9-bfeb-e08e7d3d1982 ==============================
[0m14:29:46.534401 [info ] [MainThread]: Running with dbt=1.7.3
[0m14:29:46.535359 [debug] [MainThread]: running dbt with arguments {'printer_width': '80', 'indirect_selection': 'eager', 'write_json': 'True', 'log_cache_events': 'False', 'partial_parse': 'True', 'cache_selected_only': 'False', 'profiles_dir': '/Users/jkoh/.dbt', 'debug': 'False', 'fail_fast': 'False', 'log_path': 'logs', 'version_check': 'True', 'warn_error': 'None', 'use_colors': 'True', 'use_experimental_parser': 'False', 'no_print': 'None', 'quiet': 'False', 'log_format': 'default', 'invocation_command': 'dbt init', 'static_parser': 'True', 'warn_error_options': 'WarnErrorOptions(include=[], exclude=[])', 'target_path': 'None', 'introspect': 'True', 'send_anonymous_usage_stats': 'True'}
[0m14:29:46.536318 [warn ] [MainThread]: [ConfigFolderDirectory]: Unable to parse dict {'dir': PosixPath('/Users/jkoh/.dbt')}
[0m14:29:46.536803 [info ] [MainThread]: Creating dbt configuration folder at 
[0m14:29:53.217593 [debug] [MainThread]: Starter project path: /opt/homebrew/lib/python3.11/site-packages/dbt/include/starter_project
[0m14:29:53.284571 [info ] [MainThread]: 
Your new dbt project "dbt_glue_demo" was created!

For more information on how to configure the profiles.yml file,
please consult the dbt documentation here:

  https://docs.getdbt.com/docs/configure-your-profile

One more thing:

Need help? Don't hesitate to reach out to us via GitHub issues or on Slack:

  https://community.getdbt.com/

Happy modeling!

[0m14:29:53.285253 [info ] [MainThread]: Setting up your profile.
[0m14:30:22.254125 [info ] [MainThread]: Profile dbt_glue_demo written to /Users/jkoh/.dbt/profiles.yml using target's sample configuration. Once updated, you'll be able to start developing with dbt.
[0m14:30:22.256683 [debug] [MainThread]: Resource report: {"command_name": "init", "command_success": true, "command_wall_clock_time": 36.300053, "process_user_time": 1.051394, "process_kernel_time": 0.300305, "process_mem_max_rss": "108183552", "process_in_blocks": "0", "process_out_blocks": "0"}
[0m14:30:22.257087 [debug] [MainThread]: Command `dbt init` succeeded at 14:30:22.256987 after 36.30 seconds
[0m14:30:22.257345 [debug] [MainThread]: Sending event: {'category': 'dbt', 'action': 'invocation', 'label': 'end', 'context': [<snowplow_tracker.self_describing_json.SelfDescribingJson object at 0x11205e0d0>, <snowplow_tracker.self_describing_json.SelfDescribingJson object at 0x104a96850>, <snowplow_tracker.self_describing_json.SelfDescribingJson object at 0x112050350>]}
[0m14:30:22.257590 [debug] [MainThread]: Flushing usage events
[0m10:08:28.936005 [debug] [MainThread]: Sending event: {'category': 'dbt', 'action': 'invocation', 'label': 'start', 'context': [<snowplow_tracker.self_describing_json.SelfDescribingJson object at 0x119f12f10>, <snowplow_tracker.self_describing_json.SelfDescribingJson object at 0x1189e2610>, <snowplow_tracker.self_describing_json.SelfDescribingJson object at 0x119f39b50>]}


============================== 10:08:28.940383 | aa8ed006-b3f4-4fd2-a304-7b03d90b3b4b ==============================
[0m10:08:28.940383 [info ] [MainThread]: Running with dbt=1.7.3
[0m10:08:28.940894 [debug] [MainThread]: running dbt with arguments {'printer_width': '80', 'indirect_selection': 'eager', 'log_cache_events': 'False', 'write_json': 'True', 'partial_parse': 'True', 'cache_selected_only': 'False', 'profiles_dir': 'profiles', 'version_check': 'True', 'fail_fast': 'False', 'log_path': 'logs', 'warn_error': 'None', 'debug': 'False', 'use_colors': 'True', 'use_experimental_parser': 'False', 'no_print': 'None', 'quiet': 'False', 'log_format': 'default', 'introspect': 'True', 'warn_error_options': 'WarnErrorOptions(include=[], exclude=[])', 'static_parser': 'True', 'target_path': 'None', 'invocation_command': 'dbt debug --profiles-dir profiles', 'send_anonymous_usage_stats': 'True'}
[0m10:08:28.941458 [info ] [MainThread]: dbt version: 1.7.3
[0m10:08:28.941695 [info ] [MainThread]: python version: 3.11.6
[0m10:08:28.941911 [info ] [MainThread]: python path: /opt/homebrew/opt/python@3.11/bin/python3.11
[0m10:08:28.942104 [info ] [MainThread]: os info: macOS-13.6.2-arm64-arm-64bit
[0m10:08:28.942332 [info ] [MainThread]: Using profiles dir at profiles
[0m10:08:28.942521 [info ] [MainThread]: Using profiles.yml file at profiles/profiles.yml
[0m10:08:28.942690 [info ] [MainThread]: Using dbt_project.yml file at /Users/jkoh/Documents/Personal/aws-dbt-tutorial/dbt_project.yml
[0m10:08:28.942873 [info ] [MainThread]: Configuration:
[0m10:08:28.943032 [info ] [MainThread]:   profiles.yml file [[31mERROR not found[0m]
[0m10:08:28.943194 [info ] [MainThread]:   dbt_project.yml file [[31mERROR not found[0m]
[0m10:08:28.943354 [info ] [MainThread]: Required dependencies:
[0m10:08:28.943823 [debug] [MainThread]: Executing "git --help"
[0m10:08:29.048763 [debug] [MainThread]: STDOUT: "b"usage: git [-v | --version] [-h | --help] [-C <path>] [-c <name>=<value>]\n           [--exec-path[=<path>]] [--html-path] [--man-path] [--info-path]\n           [-p | --paginate | -P | --no-pager] [--no-replace-objects] [--bare]\n           [--git-dir=<path>] [--work-tree=<path>] [--namespace=<name>]\n           [--super-prefix=<path>] [--config-env=<name>=<envvar>]\n           <command> [<args>]\n\nThese are common Git commands used in various situations:\n\nstart a working area (see also: git help tutorial)\n   clone     Clone a repository into a new directory\n   init      Create an empty Git repository or reinitialize an existing one\n\nwork on the current change (see also: git help everyday)\n   add       Add file contents to the index\n   mv        Move or rename a file, a directory, or a symlink\n   restore   Restore working tree files\n   rm        Remove files from the working tree and from the index\n\nexamine the history and state (see also: git help revisions)\n   bisect    Use binary search to find the commit that introduced a bug\n   diff      Show changes between commits, commit and working tree, etc\n   grep      Print lines matching a pattern\n   log       Show commit logs\n   show      Show various types of objects\n   status    Show the working tree status\n\ngrow, mark and tweak your common history\n   branch    List, create, or delete branches\n   commit    Record changes to the repository\n   merge     Join two or more development histories together\n   rebase    Reapply commits on top of another base tip\n   reset     Reset current HEAD to the specified state\n   switch    Switch branches\n   tag       Create, list, delete or verify a tag object signed with GPG\n\ncollaborate (see also: git help workflows)\n   fetch     Download objects and refs from another repository\n   pull      Fetch from and integrate with another repository or a local branch\n   push      Update remote refs along with associated objects\n\n'git help -a' and 'git help -g' list available subcommands and some\nconcept guides. See 'git help <command>' or 'git help <concept>'\nto read about a specific subcommand or concept.\nSee 'git help git' for an overview of the system.\n""
[0m10:08:29.049494 [debug] [MainThread]: STDERR: "b''"
[0m10:08:29.049780 [info ] [MainThread]:  - git [[32mOK found[0m]

[0m10:08:29.050014 [info ] [MainThread]: Connection test skipped since no profile was found
[0m10:08:29.050247 [info ] [MainThread]: [31m2 checks failed:[0m
[0m10:08:29.050443 [info ] [MainThread]: dbt looked for a profiles.yml file in profiles/profiles.yml, but did
not find one. For more information on configuring your profile, consult the
documentation:

https://docs.getdbt.com/docs/configure-your-profile


[0m10:08:29.050644 [info ] [MainThread]: Project loading failed for the following reason:
 project path </Users/jkoh/Documents/Personal/aws-dbt-tutorial/dbt_project.yml> not found

[0m10:08:29.053243 [debug] [MainThread]: Resource report: {"command_name": "debug", "command_wall_clock_time": 0.17645359, "process_user_time": 1.083676, "process_kernel_time": 0.36486, "process_mem_max_rss": "105398272", "command_success": false, "process_in_blocks": "0", "process_out_blocks": "0"}
[0m10:08:29.053798 [debug] [MainThread]: Command `dbt debug` failed at 10:08:29.053677 after 0.18 seconds
[0m10:08:29.054177 [debug] [MainThread]: Sending event: {'category': 'dbt', 'action': 'invocation', 'label': 'end', 'context': [<snowplow_tracker.self_describing_json.SelfDescribingJson object at 0x104c22190>, <snowplow_tracker.self_describing_json.SelfDescribingJson object at 0x119f52ed0>, <snowplow_tracker.self_describing_json.SelfDescribingJson object at 0x119f53a90>]}
[0m10:08:29.054547 [debug] [MainThread]: Flushing usage events
